<?xml version="1.0" encoding="UTF-8"?>
<!-- Generated by org.testng.reporters.JUnitReportReporter -->
<testsuite hostname="TISRNT07" failures="0" tests="1" name="thinkwiseAutomation.AssertValidation" time="43.946" errors="0" timestamp="2024-04-05T13:31:21 IST" skipped="0">
  <testcase classname="thinkwiseAutomation.AssertValidation" name="validation" time="43.946"/>
  <system-out/>
</testsuite> <!-- thinkwiseAutomation.AssertValidation -->
