<?xml version="1.0" encoding="UTF-8"?>
<!-- Generated by org.testng.reporters.JUnitReportReporter -->
<testsuite hostname="TISRNT07" failures="0" tests="1" name="thinkwiseAutomation.WaitConcept" time="17.607" errors="0" timestamp="2024-04-04T12:38:30 IST" skipped="0">
  <testcase classname="thinkwiseAutomation.WaitConcept" name="login" time="17.607"/>
  <system-out/>
</testsuite> <!-- thinkwiseAutomation.WaitConcept -->
